[  0%] Built target rosgraph_msgs_generate_messages_lisp
[  0%] Built target dynamic_reconfigure_generate_messages_nodejs
[  0%] Built target dynamic_reconfigure_generate_messages_lisp
[  0%] Built target visualization_msgs_generate_messages_py
[  0%] Built target geometry_msgs_generate_messages_eus
[  0%] Built target visualization_msgs_generate_messages_eus
[  0%] Built target dynamic_reconfigure_generate_messages_cpp
[  0%] Built target rosgraph_msgs_generate_messages_cpp
[  3%] Built target moveit_rdf_loader
[  6%] Built target moveit_constraint_sampler_manager_loader
[ 10%] Built target moveit_planning_pipeline
[ 10%] Built target std_msgs_generate_messages_py
[ 10%] Built target sensor_msgs_generate_messages_lisp
[ 10%] Built target object_recognition_msgs_generate_messages_nodejs
[ 10%] Built target rosgraph_msgs_generate_messages_nodejs
[ 10%] Built target std_msgs_generate_messages_lisp
[ 10%] Built target dynamic_reconfigure_generate_messages_py
[ 13%] Built target moveit_collision_plugin_loader
[ 20%] Built target moveit_ros_planning_gencfg
[ 20%] Built target shape_msgs_generate_messages_lisp
[ 20%] Built target shape_msgs_generate_messages_cpp
[ 20%] Built target actionlib_generate_messages_nodejs
[ 20%] Built target std_msgs_generate_messages_nodejs
[ 20%] Built target trajectory_msgs_generate_messages_py
[ 20%] Built target roscpp_generate_messages_nodejs
[ 20%] Built target std_msgs_generate_messages_cpp
[ 20%] Built target std_msgs_generate_messages_eus
[ 20%] Built target visualization_msgs_generate_messages_nodejs
[ 20%] Built target actionlib_msgs_generate_messages_nodejs
[ 20%] Built target moveit_msgs_generate_messages_cpp
[ 20%] Built target roscpp_generate_messages_py
[ 20%] Built target shape_msgs_generate_messages_eus
[ 23%] Built target moveit_list_request_adapter_plugins
[ 23%] Built target visualization_msgs_generate_messages_lisp
[ 23%] Built target trajectory_msgs_generate_messages_eus
[ 23%] Built target actionlib_generate_messages_cpp
[ 23%] Built target roscpp_generate_messages_cpp
[ 23%] Built target sensor_msgs_generate_messages_nodejs
[ 23%] Built target object_recognition_msgs_generate_messages_eus
[ 23%] Built target moveit_msgs_generate_messages_nodejs
[ 23%] Built target shape_msgs_generate_messages_nodejs
[ 23%] Built target octomap_msgs_generate_messages_eus
[ 23%] Built target moveit_msgs_generate_messages_eus
[ 23%] Built target geometry_msgs_generate_messages_py
[ 23%] Built target geometry_msgs_generate_messages_lisp
[ 23%] Built target moveit_msgs_generate_messages_py
[ 23%] Built target dynamic_reconfigure_generate_messages_eus
[ 23%] Built target actionlib_generate_messages_eus
[ 23%] Built target roscpp_generate_messages_eus
[ 23%] Built target rosgraph_msgs_generate_messages_py
[ 23%] Built target actionlib_msgs_generate_messages_eus
[ 23%] Built target actionlib_msgs_generate_messages_cpp
[ 23%] Built target actionlib_msgs_generate_messages_lisp
[ 23%] Built target moveit_msgs_generate_messages_lisp
[ 23%] Built target _catkin_empty_exported_target
[ 23%] Built target actionlib_msgs_generate_messages_py
[ 23%] Built target octomap_msgs_generate_messages_cpp
[ 40%] Built target moveit_default_planning_request_adapter_plugins
[ 40%] Built target geometry_msgs_generate_messages_nodejs
[ 40%] Built target sensor_msgs_generate_messages_eus
[ 40%] Built target object_recognition_msgs_generate_messages_lisp
[ 40%] Built target shape_msgs_generate_messages_py
[ 40%] Built target sensor_msgs_generate_messages_py
[ 40%] Built target trajectory_msgs_generate_messages_lisp
[ 40%] Built target rosgraph_msgs_generate_messages_eus
[ 40%] Built target sensor_msgs_generate_messages_cpp
[ 40%] Built target trajectory_msgs_generate_messages_cpp
[ 40%] Built target object_recognition_msgs_generate_messages_cpp
[ 40%] Built target octomap_msgs_generate_messages_lisp
[ 40%] Built target octomap_msgs_generate_messages_nodejs
[ 40%] Built target roscpp_generate_messages_lisp
[ 40%] Built target dynamic_reconfigure_gencfg
[ 40%] Built target trajectory_msgs_generate_messages_nodejs
[ 40%] Built target tf2_msgs_generate_messages_lisp
[ 40%] Built target object_recognition_msgs_generate_messages_py
[ 40%] Built target actionlib_generate_messages_py
[ 40%] Built target tf2_msgs_generate_messages_py
[ 40%] Built target octomap_msgs_generate_messages_py
[ 40%] Built target geometry_msgs_generate_messages_cpp
[ 40%] Built target visualization_msgs_generate_messages_cpp
[ 40%] Built target tf2_msgs_generate_messages_cpp
[ 40%] Built target tf2_msgs_generate_messages_eus
[ 40%] Built target actionlib_generate_messages_lisp
[ 40%] Built target tf2_msgs_generate_messages_nodejs
[ 43%] Built target moveit_kinematics_plugin_loader
[ 46%] Built target moveit_robot_model_loader
[ 56%] Built target moveit_kinematics_speed_and_validity_evaluator
[ 56%] Built target moveit_print_planning_model_info
[ 56%] Built target moveit_evaluate_state_operations_speed
[ 63%] Built target moveit_planning_scene_monitor
[ 80%] Built target moveit_visualize_robot_collision_volume
[ 80%] Built target demo_scene
[ 80%] Built target moveit_evaluate_collision_checking_speed
[ 80%] Built target moveit_print_planning_scene_info
[ 80%] Built target moveit_trajectory_execution_manager
[ 83%] Built target moveit_display_random_state
[ 86%] Built target moveit_publish_scene_from_text
[ 90%] Built target moveit_compare_collision_checking_speed_fcl_bullet
[100%] Built target moveit_cpp
[100%] Built target moveit_plan_execution
