Linked: (/ws_moveit/devel/.private/moveit_ros_visualization/lib/libmoveit_motion_planning_rviz_plugin.so.1.1.9, /ws_moveit/devel/lib/libmoveit_motion_planning_rviz_plugin.so.1.1.9)
Linked: (/ws_moveit/devel/.private/moveit_ros_visualization/lib/libmoveit_planning_scene_rviz_plugin_core.so, /ws_moveit/devel/lib/libmoveit_planning_scene_rviz_plugin_core.so)
Linked: (/ws_moveit/devel/.private/moveit_ros_visualization/lib/libmoveit_planning_scene_rviz_plugin_core.so.1.1.9, /ws_moveit/devel/lib/libmoveit_planning_scene_rviz_plugin_core.so.1.1.9)
Linked: (/ws_moveit/devel/.private/moveit_ros_visualization/lib/libmoveit_trajectory_rviz_plugin.so, /ws_moveit/devel/lib/libmoveit_trajectory_rviz_plugin.so)
Linked: (/ws_moveit/devel/.private/moveit_ros_visualization/lib/libmoveit_trajectory_rviz_plugin.so.1.1.9, /ws_moveit/devel/lib/libmoveit_trajectory_rviz_plugin.so.1.1.9)
Linked: (/ws_moveit/devel/.private/moveit_ros_visualization/lib/libmoveit_robot_state_rviz_plugin_core.so, /ws_moveit/devel/lib/libmoveit_robot_state_rviz_plugin_core.so)
Linked: (/ws_moveit/devel/.private/moveit_ros_visualization/lib/libmoveit_robot_state_rviz_plugin_core.so.1.1.9, /ws_moveit/devel/lib/libmoveit_robot_state_rviz_plugin_core.so.1.1.9)
Linked: (/ws_moveit/devel/.private/moveit_ros_visualization/lib/libmoveit_robot_state_rviz_plugin.so, /ws_moveit/devel/lib/libmoveit_robot_state_rviz_plugin.so)
Linked: (/ws_moveit/devel/.private/moveit_ros_visualization/lib/libmoveit_motion_planning_rviz_plugin_core.so.1.1.9, /ws_moveit/devel/lib/libmoveit_motion_planning_rviz_plugin_core.so.1.1.9)
Linked: (/ws_moveit/devel/.private/moveit_ros_visualization/lib/libmoveit_motion_planning_rviz_plugin_core.so, /ws_moveit/devel/lib/libmoveit_motion_planning_rviz_plugin_core.so)
Linked: (/ws_moveit/devel/.private/moveit_ros_visualization/lib/libmoveit_motion_planning_rviz_plugin.so, /ws_moveit/devel/lib/libmoveit_motion_planning_rviz_plugin.so)
Linked: (/ws_moveit/devel/.private/moveit_ros_visualization/lib/libmoveit_planning_scene_rviz_plugin.so.1.1.9, /ws_moveit/devel/lib/libmoveit_planning_scene_rviz_plugin.so.1.1.9)
Linked: (/ws_moveit/devel/.private/moveit_ros_visualization/lib/libmoveit_robot_state_rviz_plugin.so.1.1.9, /ws_moveit/devel/lib/libmoveit_robot_state_rviz_plugin.so.1.1.9)
Linked: (/ws_moveit/devel/.private/moveit_ros_visualization/lib/libmoveit_trajectory_rviz_plugin_core.so.1.1.9, /ws_moveit/devel/lib/libmoveit_trajectory_rviz_plugin_core.so.1.1.9)
Linked: (/ws_moveit/devel/.private/moveit_ros_visualization/lib/libmoveit_rviz_plugin_render_tools.so, /ws_moveit/devel/lib/libmoveit_rviz_plugin_render_tools.so)
Linked: (/ws_moveit/devel/.private/moveit_ros_visualization/lib/libmoveit_planning_scene_rviz_plugin.so, /ws_moveit/devel/lib/libmoveit_planning_scene_rviz_plugin.so)
Linked: (/ws_moveit/devel/.private/moveit_ros_visualization/lib/libmoveit_rviz_plugin_render_tools.so.1.1.9, /ws_moveit/devel/lib/libmoveit_rviz_plugin_render_tools.so.1.1.9)
Linked: (/ws_moveit/devel/.private/moveit_ros_visualization/lib/libmoveit_trajectory_rviz_plugin_core.so, /ws_moveit/devel/lib/libmoveit_trajectory_rviz_plugin_core.so)
Linked: (/ws_moveit/devel/.private/moveit_ros_visualization/lib/python2.7/dist-packages/moveit_ros_visualization/__init__.py, /ws_moveit/devel/lib/python2.7/dist-packages/moveit_ros_visualization/__init__.py)
Linked: (/ws_moveit/devel/.private/moveit_ros_visualization/lib/pkgconfig/moveit_ros_visualization.pc, /ws_moveit/devel/lib/pkgconfig/moveit_ros_visualization.pc)
Linked: (/ws_moveit/devel/.private/moveit_ros_visualization/share/moveit_ros_visualization/cmake/moveit_ros_visualizationConfig-version.cmake, /ws_moveit/devel/share/moveit_ros_visualization/cmake/moveit_ros_visualizationConfig-version.cmake)
Linked: (/ws_moveit/devel/.private/moveit_ros_visualization/share/moveit_ros_visualization/cmake/moveit_ros_visualizationConfig.cmake, /ws_moveit/devel/share/moveit_ros_visualization/cmake/moveit_ros_visualizationConfig.cmake)
