Symlinking /ws_moveit/devel/include/moveit_task_constructor_msgs/ExecuteTaskSolutionAction.h
Symlinking /ws_moveit/devel/include/moveit_task_constructor_msgs/ExecuteTaskSolutionFeedback.h
Symlinking /ws_moveit/devel/include/moveit_task_constructor_msgs/TaskDescription.h
Symlinking /ws_moveit/devel/include/moveit_task_constructor_msgs/StageStatistics.h
Symlinking /ws_moveit/devel/include/moveit_task_constructor_msgs/Solution.h
Symlinking /ws_moveit/devel/include/moveit_task_constructor_msgs/TaskStatistics.h
Symlinking /ws_moveit/devel/include/moveit_task_constructor_msgs/ExecuteTaskSolutionResult.h
Symlinking /ws_moveit/devel/include/moveit_task_constructor_msgs/ExecuteTaskSolutionActionGoal.h
Symlinking /ws_moveit/devel/include/moveit_task_constructor_msgs/Property.h
Symlinking /ws_moveit/devel/include/moveit_task_constructor_msgs/ExecuteTaskSolutionGoal.h
Symlinking /ws_moveit/devel/include/moveit_task_constructor_msgs/SubTrajectory.h
Symlinking /ws_moveit/devel/include/moveit_task_constructor_msgs/ExecuteTaskSolutionActionFeedback.h
Symlinking /ws_moveit/devel/include/moveit_task_constructor_msgs/SubSolution.h
Symlinking /ws_moveit/devel/include/moveit_task_constructor_msgs/GetSolutionResponse.h
Symlinking /ws_moveit/devel/include/moveit_task_constructor_msgs/GetSolutionRequest.h
Symlinking /ws_moveit/devel/include/moveit_task_constructor_msgs/StageDescription.h
Symlinking /ws_moveit/devel/include/moveit_task_constructor_msgs/ExecuteTaskSolutionActionResult.h
Symlinking /ws_moveit/devel/include/moveit_task_constructor_msgs/SolutionInfo.h
Symlinking /ws_moveit/devel/include/moveit_task_constructor_msgs/GetSolution.h
Symlinking /ws_moveit/devel/lib/python2.7/dist-packages/moveit_task_constructor_msgs/__init__.py
Symlinking /ws_moveit/devel/lib/python2.7/dist-packages/moveit_task_constructor_msgs/msg/_ExecuteTaskSolutionGoal.py
Symlinking /ws_moveit/devel/lib/python2.7/dist-packages/moveit_task_constructor_msgs/msg/_TaskStatistics.py
Symlinking /ws_moveit/devel/lib/python2.7/dist-packages/moveit_task_constructor_msgs/msg/_SubTrajectory.py
Symlinking /ws_moveit/devel/lib/python2.7/dist-packages/moveit_task_constructor_msgs/msg/_SolutionInfo.py
Symlinking /ws_moveit/devel/lib/python2.7/dist-packages/moveit_task_constructor_msgs/msg/_SubSolution.py
Symlinking /ws_moveit/devel/lib/python2.7/dist-packages/moveit_task_constructor_msgs/msg/_ExecuteTaskSolutionAction.py
Symlinking /ws_moveit/devel/lib/python2.7/dist-packages/moveit_task_constructor_msgs/msg/_TaskDescription.py
Symlinking /ws_moveit/devel/lib/python2.7/dist-packages/moveit_task_constructor_msgs/msg/_ExecuteTaskSolutionActionGoal.py
Symlinking /ws_moveit/devel/lib/python2.7/dist-packages/moveit_task_constructor_msgs/msg/_Property.py
Symlinking /ws_moveit/devel/lib/python2.7/dist-packages/moveit_task_constructor_msgs/msg/_ExecuteTaskSolutionFeedback.py
Symlinking /ws_moveit/devel/lib/python2.7/dist-packages/moveit_task_constructor_msgs/msg/_StageDescription.py
Symlinking /ws_moveit/devel/lib/python2.7/dist-packages/moveit_task_constructor_msgs/msg/_Solution.py
Symlinking /ws_moveit/devel/lib/python2.7/dist-packages/moveit_task_constructor_msgs/msg/_StageStatistics.py
Symlinking /ws_moveit/devel/lib/python2.7/dist-packages/moveit_task_constructor_msgs/msg/_ExecuteTaskSolutionActionFeedback.py
Symlinking /ws_moveit/devel/lib/python2.7/dist-packages/moveit_task_constructor_msgs/msg/_ExecuteTaskSolutionResult.py
Symlinking /ws_moveit/devel/lib/python2.7/dist-packages/moveit_task_constructor_msgs/msg/_ExecuteTaskSolutionActionResult.py
Symlinking /ws_moveit/devel/lib/python2.7/dist-packages/moveit_task_constructor_msgs/msg/__init__.py
Symlinking /ws_moveit/devel/lib/python2.7/dist-packages/moveit_task_constructor_msgs/srv/_GetSolution.py
Symlinking /ws_moveit/devel/lib/python2.7/dist-packages/moveit_task_constructor_msgs/srv/__init__.py
Symlinking /ws_moveit/devel/lib/pkgconfig/moveit_task_constructor_msgs.pc
Symlinking /ws_moveit/devel/share/moveit_task_constructor_msgs/cmake/moveit_task_constructor_msgsConfig.cmake
Symlinking /ws_moveit/devel/share/moveit_task_constructor_msgs/cmake/moveit_task_constructor_msgs-msg-paths.cmake
Symlinking /ws_moveit/devel/share/moveit_task_constructor_msgs/cmake/moveit_task_constructor_msgsConfig-version.cmake
Symlinking /ws_moveit/devel/share/moveit_task_constructor_msgs/cmake/moveit_task_constructor_msgs-msg-extras.cmake
Symlinking /ws_moveit/devel/share/moveit_task_constructor_msgs/msg/ExecuteTaskSolutionActionFeedback.msg
Symlinking /ws_moveit/devel/share/moveit_task_constructor_msgs/msg/ExecuteTaskSolutionActionGoal.msg
Symlinking /ws_moveit/devel/share/moveit_task_constructor_msgs/msg/ExecuteTaskSolutionFeedback.msg
Symlinking /ws_moveit/devel/share/moveit_task_constructor_msgs/msg/ExecuteTaskSolutionResult.msg
Symlinking /ws_moveit/devel/share/moveit_task_constructor_msgs/msg/ExecuteTaskSolutionGoal.msg
Symlinking /ws_moveit/devel/share/moveit_task_constructor_msgs/msg/ExecuteTaskSolutionActionResult.msg
Symlinking /ws_moveit/devel/share/moveit_task_constructor_msgs/msg/ExecuteTaskSolutionAction.msg
Symlinking /ws_moveit/devel/share/roseus/ros/moveit_task_constructor_msgs/manifest.l
Symlinking /ws_moveit/devel/share/roseus/ros/moveit_task_constructor_msgs/msg/ExecuteTaskSolutionResult.l
Symlinking /ws_moveit/devel/share/roseus/ros/moveit_task_constructor_msgs/msg/ExecuteTaskSolutionGoal.l
Symlinking /ws_moveit/devel/share/roseus/ros/moveit_task_constructor_msgs/msg/ExecuteTaskSolutionFeedback.l
Symlinking /ws_moveit/devel/share/roseus/ros/moveit_task_constructor_msgs/msg/StageStatistics.l
Symlinking /ws_moveit/devel/share/roseus/ros/moveit_task_constructor_msgs/msg/ExecuteTaskSolutionActionResult.l
Symlinking /ws_moveit/devel/share/roseus/ros/moveit_task_constructor_msgs/msg/SolutionInfo.l
Symlinking /ws_moveit/devel/share/roseus/ros/moveit_task_constructor_msgs/msg/ExecuteTaskSolutionAction.l
Symlinking /ws_moveit/devel/share/roseus/ros/moveit_task_constructor_msgs/msg/Solution.l
Symlinking /ws_moveit/devel/share/roseus/ros/moveit_task_constructor_msgs/msg/Property.l
Symlinking /ws_moveit/devel/share/roseus/ros/moveit_task_constructor_msgs/msg/TaskStatistics.l
Symlinking /ws_moveit/devel/share/roseus/ros/moveit_task_constructor_msgs/msg/SubTrajectory.l
Symlinking /ws_moveit/devel/share/roseus/ros/moveit_task_constructor_msgs/msg/ExecuteTaskSolutionActionGoal.l
Symlinking /ws_moveit/devel/share/roseus/ros/moveit_task_constructor_msgs/msg/SubSolution.l
Symlinking /ws_moveit/devel/share/roseus/ros/moveit_task_constructor_msgs/msg/StageDescription.l
Symlinking /ws_moveit/devel/share/roseus/ros/moveit_task_constructor_msgs/msg/ExecuteTaskSolutionActionFeedback.l
Symlinking /ws_moveit/devel/share/roseus/ros/moveit_task_constructor_msgs/msg/TaskDescription.l
Symlinking /ws_moveit/devel/share/roseus/ros/moveit_task_constructor_msgs/srv/GetSolution.l
Symlinking /ws_moveit/devel/share/gennodejs/ros/moveit_task_constructor_msgs/_index.js
Symlinking /ws_moveit/devel/share/gennodejs/ros/moveit_task_constructor_msgs/msg/TaskStatistics.js
Symlinking /ws_moveit/devel/share/gennodejs/ros/moveit_task_constructor_msgs/msg/StageStatistics.js
Symlinking /ws_moveit/devel/share/gennodejs/ros/moveit_task_constructor_msgs/msg/ExecuteTaskSolutionResult.js
Symlinking /ws_moveit/devel/share/gennodejs/ros/moveit_task_constructor_msgs/msg/TaskDescription.js
Symlinking /ws_moveit/devel/share/gennodejs/ros/moveit_task_constructor_msgs/msg/SolutionInfo.js
Symlinking /ws_moveit/devel/share/gennodejs/ros/moveit_task_constructor_msgs/msg/SubSolution.js
Symlinking /ws_moveit/devel/share/gennodejs/ros/moveit_task_constructor_msgs/msg/ExecuteTaskSolutionActionFeedback.js
Symlinking /ws_moveit/devel/share/gennodejs/ros/moveit_task_constructor_msgs/msg/ExecuteTaskSolutionActionResult.js
Symlinking /ws_moveit/devel/share/gennodejs/ros/moveit_task_constructor_msgs/msg/StageDescription.js
Symlinking /ws_moveit/devel/share/gennodejs/ros/moveit_task_constructor_msgs/msg/ExecuteTaskSolutionAction.js
Symlinking /ws_moveit/devel/share/gennodejs/ros/moveit_task_constructor_msgs/msg/Property.js
Symlinking /ws_moveit/devel/share/gennodejs/ros/moveit_task_constructor_msgs/msg/_index.js
Symlinking /ws_moveit/devel/share/gennodejs/ros/moveit_task_constructor_msgs/msg/ExecuteTaskSolutionGoal.js
Symlinking /ws_moveit/devel/share/gennodejs/ros/moveit_task_constructor_msgs/msg/ExecuteTaskSolutionActionGoal.js
Symlinking /ws_moveit/devel/share/gennodejs/ros/moveit_task_constructor_msgs/msg/SubTrajectory.js
Symlinking /ws_moveit/devel/share/gennodejs/ros/moveit_task_constructor_msgs/msg/ExecuteTaskSolutionFeedback.js
Symlinking /ws_moveit/devel/share/gennodejs/ros/moveit_task_constructor_msgs/msg/Solution.js
Symlinking /ws_moveit/devel/share/gennodejs/ros/moveit_task_constructor_msgs/srv/GetSolution.js
Symlinking /ws_moveit/devel/share/gennodejs/ros/moveit_task_constructor_msgs/srv/_index.js
Symlinking /ws_moveit/devel/share/common-lisp/ros/moveit_task_constructor_msgs/msg/_package_ExecuteTaskSolutionResult.lisp
Symlinking /ws_moveit/devel/share/common-lisp/ros/moveit_task_constructor_msgs/msg/Property.lisp
Symlinking /ws_moveit/devel/share/common-lisp/ros/moveit_task_constructor_msgs/msg/TaskDescription.lisp
Symlinking /ws_moveit/devel/share/common-lisp/ros/moveit_task_constructor_msgs/msg/_package_Solution.lisp
Symlinking /ws_moveit/devel/share/common-lisp/ros/moveit_task_constructor_msgs/msg/ExecuteTaskSolutionGoal.lisp
Symlinking /ws_moveit/devel/share/common-lisp/ros/moveit_task_constructor_msgs/msg/_package_SubTrajectory.lisp
Symlinking /ws_moveit/devel/share/common-lisp/ros/moveit_task_constructor_msgs/msg/_package.lisp
Symlinking /ws_moveit/devel/share/common-lisp/ros/moveit_task_constructor_msgs/msg/_package_ExecuteTaskSolutionActionResult.lisp
Symlinking /ws_moveit/devel/share/common-lisp/ros/moveit_task_constructor_msgs/msg/ExecuteTaskSolutionAction.lisp
Symlinking /ws_moveit/devel/share/common-lisp/ros/moveit_task_constructor_msgs/msg/_package_StageDescription.lisp
Symlinking /ws_moveit/devel/share/common-lisp/ros/moveit_task_constructor_msgs/msg/ExecuteTaskSolutionActionFeedback.lisp
Symlinking /ws_moveit/devel/share/common-lisp/ros/moveit_task_constructor_msgs/msg/_package_ExecuteTaskSolutionAction.lisp
Symlinking /ws_moveit/devel/share/common-lisp/ros/moveit_task_constructor_msgs/msg/TaskStatistics.lisp
Symlinking /ws_moveit/devel/share/common-lisp/ros/moveit_task_constructor_msgs/msg/_package_SubSolution.lisp
Symlinking /ws_moveit/devel/share/common-lisp/ros/moveit_task_constructor_msgs/msg/ExecuteTaskSolutionResult.lisp
Symlinking /ws_moveit/devel/share/common-lisp/ros/moveit_task_constructor_msgs/msg/Solution.lisp
Symlinking /ws_moveit/devel/share/common-lisp/ros/moveit_task_constructor_msgs/msg/ExecuteTaskSolutionFeedback.lisp
Symlinking /ws_moveit/devel/share/common-lisp/ros/moveit_task_constructor_msgs/msg/StageDescription.lisp
Symlinking /ws_moveit/devel/share/common-lisp/ros/moveit_task_constructor_msgs/msg/_package_ExecuteTaskSolutionActionGoal.lisp
Symlinking /ws_moveit/devel/share/common-lisp/ros/moveit_task_constructor_msgs/msg/_package_ExecuteTaskSolutionGoal.lisp
Symlinking /ws_moveit/devel/share/common-lisp/ros/moveit_task_constructor_msgs/msg/ExecuteTaskSolutionActionResult.lisp
Symlinking /ws_moveit/devel/share/common-lisp/ros/moveit_task_constructor_msgs/msg/_package_TaskDescription.lisp
Symlinking /ws_moveit/devel/share/common-lisp/ros/moveit_task_constructor_msgs/msg/_package_Property.lisp
Symlinking /ws_moveit/devel/share/common-lisp/ros/moveit_task_constructor_msgs/msg/_package_StageStatistics.lisp
Symlinking /ws_moveit/devel/share/common-lisp/ros/moveit_task_constructor_msgs/msg/SubSolution.lisp
Symlinking /ws_moveit/devel/share/common-lisp/ros/moveit_task_constructor_msgs/msg/StageStatistics.lisp
Symlinking /ws_moveit/devel/share/common-lisp/ros/moveit_task_constructor_msgs/msg/_package_ExecuteTaskSolutionFeedback.lisp
Symlinking /ws_moveit/devel/share/common-lisp/ros/moveit_task_constructor_msgs/msg/SubTrajectory.lisp
Symlinking /ws_moveit/devel/share/common-lisp/ros/moveit_task_constructor_msgs/msg/_package_ExecuteTaskSolutionActionFeedback.lisp
Symlinking /ws_moveit/devel/share/common-lisp/ros/moveit_task_constructor_msgs/msg/moveit_task_constructor_msgs-msg.asd
Symlinking /ws_moveit/devel/share/common-lisp/ros/moveit_task_constructor_msgs/msg/_package_SolutionInfo.lisp
Symlinking /ws_moveit/devel/share/common-lisp/ros/moveit_task_constructor_msgs/msg/SolutionInfo.lisp
Symlinking /ws_moveit/devel/share/common-lisp/ros/moveit_task_constructor_msgs/msg/_package_TaskStatistics.lisp
Symlinking /ws_moveit/devel/share/common-lisp/ros/moveit_task_constructor_msgs/msg/ExecuteTaskSolutionActionGoal.lisp
Symlinking /ws_moveit/devel/share/common-lisp/ros/moveit_task_constructor_msgs/srv/_package_GetSolution.lisp
Symlinking /ws_moveit/devel/share/common-lisp/ros/moveit_task_constructor_msgs/srv/_package.lisp
Symlinking /ws_moveit/devel/share/common-lisp/ros/moveit_task_constructor_msgs/srv/GetSolution.lisp
Symlinking /ws_moveit/devel/share/common-lisp/ros/moveit_task_constructor_msgs/srv/moveit_task_constructor_msgs-srv.asd
