[35m[1mScanning dependencies of target _moveit_task_constructor_msgs_generate_messages_check_deps_Solution[0m
[35m[1mScanning dependencies of target _moveit_task_constructor_msgs_generate_messages_check_deps_SubTrajectory[0m
[35m[1mScanning dependencies of target _moveit_task_constructor_msgs_generate_messages_check_deps_ExecuteTaskSolutionAction[0m
[35m[1mScanning dependencies of target _moveit_task_constructor_msgs_generate_messages_check_deps_GetSolution[0m
[35m[1mScanning dependencies of target visualization_msgs_generate_messages_cpp[0m
[35m[1mScanning dependencies of target _moveit_task_constructor_msgs_generate_messages_check_deps_ExecuteTaskSolutionActionResult[0m
[35m[1mScanning dependencies of target _moveit_task_constructor_msgs_generate_messages_check_deps_TaskStatistics[0m
[35m[1mScanning dependencies of target _moveit_task_constructor_msgs_generate_messages_check_deps_StageStatistics[0m
[35m[1mScanning dependencies of target _moveit_task_constructor_msgs_generate_messages_check_deps_ExecuteTaskSolutionGoal[0m
[35m[1mScanning dependencies of target _moveit_task_constructor_msgs_generate_messages_check_deps_ExecuteTaskSolutionResult[0m
[35m[1mScanning dependencies of target _moveit_task_constructor_msgs_generate_messages_check_deps_SubSolution[0m
[35m[1mScanning dependencies of target _moveit_task_constructor_msgs_generate_messages_check_deps_ExecuteTaskSolutionActionGoal[0m
[35m[1mScanning dependencies of target _moveit_task_constructor_msgs_generate_messages_check_deps_Property[0m
[35m[1mScanning dependencies of target _moveit_task_constructor_msgs_generate_messages_check_deps_TaskDescription[0m
[35m[1mScanning dependencies of target moveit_msgs_generate_messages_cpp[0m
[35m[1mScanning dependencies of target _moveit_task_constructor_msgs_generate_messages_check_deps_StageDescription[0m
[35m[1mScanning dependencies of target _moveit_task_constructor_msgs_generate_messages_check_deps_ExecuteTaskSolutionFeedback[0m
[35m[1mScanning dependencies of target _moveit_task_constructor_msgs_generate_messages_check_deps_SolutionInfo[0m
[  0%] Built target visualization_msgs_generate_messages_cpp
[  0%] Built target _moveit_task_constructor_msgs_generate_messages_check_deps_ExecuteTaskSolutionAction
[  0%] Built target moveit_msgs_generate_messages_cpp
[  0%] Built target _moveit_task_constructor_msgs_generate_messages_check_deps_ExecuteTaskSolutionActionGoal
[  0%] Built target _moveit_task_constructor_msgs_generate_messages_check_deps_SubTrajectory
[  0%] Built target _moveit_task_constructor_msgs_generate_messages_check_deps_GetSolution
[  0%] Built target _moveit_task_constructor_msgs_generate_messages_check_deps_Solution
[  0%] Built target _moveit_task_constructor_msgs_generate_messages_check_deps_ExecuteTaskSolutionActionResult
[  0%] Built target _moveit_task_constructor_msgs_generate_messages_check_deps_TaskStatistics
[  0%] Built target _moveit_task_constructor_msgs_generate_messages_check_deps_ExecuteTaskSolutionResult
[  0%] Built target _moveit_task_constructor_msgs_generate_messages_check_deps_ExecuteTaskSolutionGoal
[  0%] Built target _moveit_task_constructor_msgs_generate_messages_check_deps_SubSolution
[  0%] Built target _moveit_task_constructor_msgs_generate_messages_check_deps_StageStatistics
[35m[1mScanning dependencies of target _moveit_task_constructor_msgs_generate_messages_check_deps_ExecuteTaskSolutionActionFeedback[0m
[  0%] Built target _moveit_task_constructor_msgs_generate_messages_check_deps_TaskDescription
[35m[1mScanning dependencies of target moveit_msgs_generate_messages_py[0m
[35m[1mScanning dependencies of target visualization_msgs_generate_messages_py[0m
[35m[1mScanning dependencies of target visualization_msgs_generate_messages_nodejs[0m
[35m[1mScanning dependencies of target moveit_msgs_generate_messages_eus[0m
[35m[1mScanning dependencies of target visualization_msgs_generate_messages_lisp[0m
[35m[1mScanning dependencies of target moveit_msgs_generate_messages_nodejs[0m
[35m[1mScanning dependencies of target moveit_msgs_generate_messages_lisp[0m
[35m[1mScanning dependencies of target visualization_msgs_generate_messages_eus[0m
[  0%] Built target moveit_msgs_generate_messages_py
[  0%] Built target visualization_msgs_generate_messages_py
[  0%] Built target moveit_msgs_generate_messages_nodejs
[  0%] Built target visualization_msgs_generate_messages_nodejs
[  0%] Built target moveit_msgs_generate_messages_eus
[  0%] Built target moveit_msgs_generate_messages_lisp
[  0%] Built target visualization_msgs_generate_messages_eus
[  0%] Built target visualization_msgs_generate_messages_lisp
[  0%] Built target _moveit_task_constructor_msgs_generate_messages_check_deps_StageDescription
[  0%] Built target _moveit_task_constructor_msgs_generate_messages_check_deps_ExecuteTaskSolutionActionFeedback
[  0%] Built target _moveit_task_constructor_msgs_generate_messages_check_deps_Property
[  0%] Built target _moveit_task_constructor_msgs_generate_messages_check_deps_SolutionInfo
[  0%] Built target _moveit_task_constructor_msgs_generate_messages_check_deps_ExecuteTaskSolutionFeedback
[35m[1mScanning dependencies of target moveit_task_constructor_msgs_generate_messages_cpp[0m
[35m[1mScanning dependencies of target moveit_task_constructor_msgs_generate_messages_py[0m
[35m[1mScanning dependencies of target moveit_task_constructor_msgs_generate_messages_lisp[0m
[35m[1mScanning dependencies of target moveit_task_constructor_msgs_generate_messages_nodejs[0m
[35m[1mScanning dependencies of target moveit_task_constructor_msgs_generate_messages_eus[0m
[  2%] [34m[1mGenerating C++ code from moveit_task_constructor_msgs/TaskStatistics.msg[0m
[  2%] [34m[1mGenerating Lisp code from moveit_task_constructor_msgs/TaskStatistics.msg[0m
[  3%] [34m[1mGenerating C++ code from moveit_task_constructor_msgs/ExecuteTaskSolutionActionGoal.msg[0m
[  4%] [34m[1mGenerating Javascript code from moveit_task_constructor_msgs/ExecuteTaskSolutionActionGoal.msg[0m
[  6%] [34m[1mGenerating Lisp code from moveit_task_constructor_msgs/ExecuteTaskSolutionActionGoal.msg[0m
[  7%] [34m[1mGenerating EusLisp code from moveit_task_constructor_msgs/TaskStatistics.msg[0m
[  9%] [34m[1mGenerating C++ code from moveit_task_constructor_msgs/ExecuteTaskSolutionActionFeedback.msg[0m
[  9%] [34m[1mGenerating Python from MSG moveit_task_constructor_msgs/ExecuteTaskSolutionActionGoal[0m
[ 10%] [34m[1mGenerating Lisp code from moveit_task_constructor_msgs/StageDescription.msg[0m
[ 11%] [34m[1mGenerating C++ code from moveit_task_constructor_msgs/SubSolution.msg[0m
[ 12%] [34m[1mGenerating Python from MSG moveit_task_constructor_msgs/StageDescription[0m
[ 13%] [34m[1mGenerating EusLisp code from moveit_task_constructor_msgs/ExecuteTaskSolutionActionGoal.msg[0m
[ 14%] [34m[1mGenerating Javascript code from moveit_task_constructor_msgs/ExecuteTaskSolutionActionFeedback.msg[0m
[ 15%] [34m[1mGenerating C++ code from moveit_task_constructor_msgs/StageDescription.msg[0m
[ 17%] [34m[1mGenerating Javascript code from moveit_task_constructor_msgs/TaskStatistics.msg[0m
[ 18%] [34m[1mGenerating Javascript code from moveit_task_constructor_msgs/StageDescription.msg[0m
[ 19%] [34m[1mGenerating Lisp code from moveit_task_constructor_msgs/ExecuteTaskSolutionActionFeedback.msg[0m
[ 20%] [34m[1mGenerating Python from MSG moveit_task_constructor_msgs/TaskStatistics[0m
[ 21%] [34m[1mGenerating C++ code from moveit_task_constructor_msgs/Property.msg[0m
[ 22%] [34m[1mGenerating Lisp code from moveit_task_constructor_msgs/SubSolution.msg[0m
[ 25%] [34m[1mGenerating Python from MSG moveit_task_constructor_msgs/ExecuteTaskSolutionActionFeedback[0m
[ 25%] [34m[1mGenerating EusLisp code from moveit_task_constructor_msgs/StageDescription.msg[0m
[ 26%] [34m[1mGenerating Javascript code from moveit_task_constructor_msgs/SubSolution.msg[0m
[ 27%] [34m[1mGenerating Python from MSG moveit_task_constructor_msgs/SubSolution[0m
[ 28%] [34m[1mGenerating EusLisp code from moveit_task_constructor_msgs/ExecuteTaskSolutionActionFeedback.msg[0m
[ 29%] [34m[1mGenerating C++ code from moveit_task_constructor_msgs/ExecuteTaskSolutionResult.msg[0m
[ 30%] [34m[1mGenerating Javascript code from moveit_task_constructor_msgs/Property.msg[0m
[ 31%] [34m[1mGenerating C++ code from moveit_task_constructor_msgs/Solution.msg[0m
[ 32%] [34m[1mGenerating Lisp code from moveit_task_constructor_msgs/Property.msg[0m
[ 34%] [34m[1mGenerating Javascript code from moveit_task_constructor_msgs/Solution.msg[0m
[ 35%] [34m[1mGenerating EusLisp code from moveit_task_constructor_msgs/SubSolution.msg[0m
[ 36%] [34m[1mGenerating C++ code from moveit_task_constructor_msgs/ExecuteTaskSolutionAction.msg[0m
[ 37%] [34m[1mGenerating EusLisp code from moveit_task_constructor_msgs/Property.msg[0m
[ 38%] [34m[1mGenerating Lisp code from moveit_task_constructor_msgs/Solution.msg[0m
[ 39%] [34m[1mGenerating EusLisp code from moveit_task_constructor_msgs/Solution.msg[0m
[ 40%] [34m[1mGenerating Python from MSG moveit_task_constructor_msgs/Property[0m
[ 42%] [34m[1mGenerating C++ code from moveit_task_constructor_msgs/ExecuteTaskSolutionGoal.msg[0m
[ 43%] [34m[1mGenerating Python from MSG moveit_task_constructor_msgs/Solution[0m
[ 44%] [34m[1mGenerating Javascript code from moveit_task_constructor_msgs/ExecuteTaskSolutionResult.msg[0m
[ 45%] [34m[1mGenerating Javascript code from moveit_task_constructor_msgs/ExecuteTaskSolutionAction.msg[0m
[ 46%] [34m[1mGenerating C++ code from moveit_task_constructor_msgs/StageStatistics.msg[0m
[ 47%] [34m[1mGenerating C++ code from moveit_task_constructor_msgs/SolutionInfo.msg[0m
[ 48%] [34m[1mGenerating C++ code from moveit_task_constructor_msgs/SubTrajectory.msg[0m
[ 50%] [34m[1mGenerating Lisp code from moveit_task_constructor_msgs/ExecuteTaskSolutionResult.msg[0m
[ 51%] [34m[1mGenerating EusLisp code from moveit_task_constructor_msgs/ExecuteTaskSolutionResult.msg[0m
[ 52%] [34m[1mGenerating Python from MSG moveit_task_constructor_msgs/ExecuteTaskSolutionResult[0m
[ 53%] [34m[1mGenerating C++ code from moveit_task_constructor_msgs/TaskDescription.msg[0m
[ 54%] [34m[1mGenerating Python from MSG moveit_task_constructor_msgs/ExecuteTaskSolutionAction[0m
[ 55%] [34m[1mGenerating Javascript code from moveit_task_constructor_msgs/ExecuteTaskSolutionGoal.msg[0m
[ 56%] [34m[1mGenerating Lisp code from moveit_task_constructor_msgs/ExecuteTaskSolutionAction.msg[0m
[ 59%] [34m[1mGenerating Javascript code from moveit_task_constructor_msgs/StageStatistics.msg[0m
[ 59%] [34m[1mGenerating Javascript code from moveit_task_constructor_msgs/SolutionInfo.msg[0m
[ 60%] [34m[1mGenerating Lisp code from moveit_task_constructor_msgs/ExecuteTaskSolutionGoal.msg[0m
[ 61%] [34m[1mGenerating Python from MSG moveit_task_constructor_msgs/ExecuteTaskSolutionGoal[0m
[ 62%] [34m[1mGenerating EusLisp code from moveit_task_constructor_msgs/ExecuteTaskSolutionAction.msg[0m
[ 63%] [34m[1mGenerating C++ code from moveit_task_constructor_msgs/ExecuteTaskSolutionFeedback.msg[0m
[ 64%] [34m[1mGenerating Lisp code from moveit_task_constructor_msgs/StageStatistics.msg[0m
[ 65%] [34m[1mGenerating Python from MSG moveit_task_constructor_msgs/StageStatistics[0m
[ 67%] [34m[1mGenerating Javascript code from moveit_task_constructor_msgs/SubTrajectory.msg[0m
[ 68%] [34m[1mGenerating EusLisp code from moveit_task_constructor_msgs/ExecuteTaskSolutionGoal.msg[0m
[ 69%] [34m[1mGenerating Lisp code from moveit_task_constructor_msgs/SolutionInfo.msg[0m
[ 70%] [34m[1mGenerating C++ code from moveit_task_constructor_msgs/ExecuteTaskSolutionActionResult.msg[0m
[ 71%] [34m[1mGenerating Lisp code from moveit_task_constructor_msgs/SubTrajectory.msg[0m
[ 72%] [34m[1mGenerating EusLisp code from moveit_task_constructor_msgs/StageStatistics.msg[0m
[ 73%] [34m[1mGenerating Javascript code from moveit_task_constructor_msgs/TaskDescription.msg[0m
[ 75%] [34m[1mGenerating Python from MSG moveit_task_constructor_msgs/SolutionInfo[0m
[ 76%] [34m[1mGenerating EusLisp code from moveit_task_constructor_msgs/SolutionInfo.msg[0m
[ 77%] [34m[1mGenerating C++ code from moveit_task_constructor_msgs/GetSolution.srv[0m
[ 78%] [34m[1mGenerating Lisp code from moveit_task_constructor_msgs/TaskDescription.msg[0m
[ 79%] [34m[1mGenerating EusLisp code from moveit_task_constructor_msgs/SubTrajectory.msg[0m
[ 80%] [34m[1mGenerating Python from MSG moveit_task_constructor_msgs/SubTrajectory[0m
[ 81%] [34m[1mGenerating EusLisp code from moveit_task_constructor_msgs/TaskDescription.msg[0m
[ 82%] [34m[1mGenerating Python from MSG moveit_task_constructor_msgs/TaskDescription[0m
[ 84%] [34m[1mGenerating Javascript code from moveit_task_constructor_msgs/ExecuteTaskSolutionFeedback.msg[0m
[ 85%] [34m[1mGenerating Python from MSG moveit_task_constructor_msgs/ExecuteTaskSolutionFeedback[0m
[ 86%] [34m[1mGenerating EusLisp code from moveit_task_constructor_msgs/ExecuteTaskSolutionFeedback.msg[0m
[ 88%] [34m[1mGenerating Javascript code from moveit_task_constructor_msgs/ExecuteTaskSolutionActionResult.msg[0m
[ 88%] [34m[1mGenerating Lisp code from moveit_task_constructor_msgs/ExecuteTaskSolutionFeedback.msg[0m
[ 89%] [34m[1mGenerating Lisp code from moveit_task_constructor_msgs/ExecuteTaskSolutionActionResult.msg[0m
[ 90%] [34m[1mGenerating EusLisp code from moveit_task_constructor_msgs/ExecuteTaskSolutionActionResult.msg[0m
[ 92%] [34m[1mGenerating Python from MSG moveit_task_constructor_msgs/ExecuteTaskSolutionActionResult[0m
[ 93%] [34m[1mGenerating Lisp code from moveit_task_constructor_msgs/GetSolution.srv[0m
[ 94%] [34m[1mGenerating Javascript code from moveit_task_constructor_msgs/GetSolution.srv[0m
[ 95%] [34m[1mGenerating Python code from SRV moveit_task_constructor_msgs/GetSolution[0m
[ 96%] [34m[1mGenerating EusLisp code from moveit_task_constructor_msgs/GetSolution.srv[0m
[ 97%] [34m[1mGenerating EusLisp manifest code for moveit_task_constructor_msgs[0m
[ 97%] Built target moveit_task_constructor_msgs_generate_messages_lisp
[ 97%] Built target moveit_task_constructor_msgs_generate_messages_nodejs
[ 97%] Built target moveit_task_constructor_msgs_generate_messages_cpp
[100%] [34m[1mGenerating Python msg __init__.py for moveit_task_constructor_msgs[0m
[100%] [34m[1mGenerating Python srv __init__.py for moveit_task_constructor_msgs[0m
[100%] Built target moveit_task_constructor_msgs_generate_messages_py
[100%] Built target moveit_task_constructor_msgs_generate_messages_eus
[35m[1mScanning dependencies of target moveit_task_constructor_msgs_generate_messages[0m
[100%] Built target moveit_task_constructor_msgs_generate_messages
